mode: atomic
github.com/inigolabs/revgen/revgen/types.go:34.27,36.2 1 5
github.com/inigolabs/revgen/revgen/types.go:38.41,39.51 1 5
github.com/inigolabs/revgen/revgen/types.go:46.2,46.14 1 2
github.com/inigolabs/revgen/revgen/types.go:39.51,41.3 1 1
github.com/inigolabs/revgen/revgen/types.go:41.8,41.59 1 4
github.com/inigolabs/revgen/revgen/types.go:41.59,42.48 1 3
github.com/inigolabs/revgen/revgen/types.go:42.48,44.4 1 2
github.com/inigolabs/revgen/revgen/types.go:49.36,53.2 3 3
github.com/inigolabs/revgen/revgen/types.go:55.27,57.2 1 4
github.com/inigolabs/revgen/revgen/types.go:59.41,60.35 1 4
github.com/inigolabs/revgen/revgen/types.go:67.2,67.14 1 2
github.com/inigolabs/revgen/revgen/types.go:60.35,62.3 1 1
github.com/inigolabs/revgen/revgen/types.go:62.8,62.43 1 3
github.com/inigolabs/revgen/revgen/types.go:62.43,63.32 1 2
github.com/inigolabs/revgen/revgen/types.go:63.32,65.4 1 1
github.com/inigolabs/revgen/revgen/types.go:70.36,74.2 3 2
github.com/inigolabs/revgen/revgen/actions.go:12.44,15.16 3 1
github.com/inigolabs/revgen/revgen/actions.go:22.2,22.47 1 1
github.com/inigolabs/revgen/revgen/actions.go:29.2,29.37 1 1
github.com/inigolabs/revgen/revgen/actions.go:36.2,37.12 2 1
github.com/inigolabs/revgen/revgen/actions.go:15.16,20.3 2 0
github.com/inigolabs/revgen/revgen/actions.go:22.47,23.49 1 2
github.com/inigolabs/revgen/revgen/actions.go:23.49,26.4 2 0
github.com/inigolabs/revgen/revgen/actions.go:29.37,30.48 1 2
github.com/inigolabs/revgen/revgen/actions.go:30.48,33.4 2 0
github.com/inigolabs/revgen/revgen/actions.go:40.46,42.16 2 1
github.com/inigolabs/revgen/revgen/actions.go:46.2,46.26 1 0
github.com/inigolabs/revgen/revgen/actions.go:50.2,51.21 2 0
github.com/inigolabs/revgen/revgen/actions.go:57.2,57.45 1 0
github.com/inigolabs/revgen/revgen/actions.go:75.2,76.12 2 0
github.com/inigolabs/revgen/revgen/actions.go:42.16,44.3 1 1
github.com/inigolabs/revgen/revgen/actions.go:46.26,48.3 1 0
github.com/inigolabs/revgen/revgen/actions.go:51.21,52.28 1 0
github.com/inigolabs/revgen/revgen/actions.go:52.28,54.4 1 0
github.com/inigolabs/revgen/revgen/actions.go:57.45,60.17 3 0
github.com/inigolabs/revgen/revgen/actions.go:60.17,66.4 5 0
github.com/inigolabs/revgen/revgen/actions.go:66.9,66.34 1 0
github.com/inigolabs/revgen/revgen/actions.go:66.34,72.4 5 0
github.com/inigolabs/revgen/revgen/actions.go:79.43,81.16 2 1
github.com/inigolabs/revgen/revgen/actions.go:85.2,88.45 3 0
github.com/inigolabs/revgen/revgen/actions.go:98.2,99.16 2 0
github.com/inigolabs/revgen/revgen/actions.go:102.2,102.12 1 0
github.com/inigolabs/revgen/revgen/actions.go:81.16,83.3 1 1
github.com/inigolabs/revgen/revgen/actions.go:88.45,91.17 3 0
github.com/inigolabs/revgen/revgen/actions.go:91.17,93.4 1 0
github.com/inigolabs/revgen/revgen/actions.go:93.9,93.34 1 0
github.com/inigolabs/revgen/revgen/actions.go:93.34,95.4 1 0
github.com/inigolabs/revgen/revgen/actions.go:99.16,101.3 1 0
github.com/inigolabs/revgen/revgen/app.go:18.35,33.57 3 0
github.com/inigolabs/revgen/revgen/app.go:79.2,79.12 1 0
github.com/inigolabs/revgen/revgen/app.go:33.57,34.18 1 0
github.com/inigolabs/revgen/revgen/app.go:34.18,37.5 2 0
github.com/inigolabs/revgen/revgen/app.go:72.40,74.6 1 0
github.com/inigolabs/revgen/revgen/app.go:82.34,84.2 1 0
github.com/inigolabs/revgen/revgen/helpers.go:17.28,23.88 4 3
github.com/inigolabs/revgen/revgen/helpers.go:38.2,38.16 1 3
github.com/inigolabs/revgen/revgen/helpers.go:42.2,42.27 1 3
github.com/inigolabs/revgen/revgen/helpers.go:46.2,46.19 1 3
github.com/inigolabs/revgen/revgen/helpers.go:23.88,24.42 1 6
github.com/inigolabs/revgen/revgen/helpers.go:34.3,34.13 1 3
github.com/inigolabs/revgen/revgen/helpers.go:24.42,26.18 2 3
github.com/inigolabs/revgen/revgen/helpers.go:31.4,32.29 2 3
github.com/inigolabs/revgen/revgen/helpers.go:26.18,28.5 1 0
github.com/inigolabs/revgen/revgen/helpers.go:38.16,39.29 1 0
github.com/inigolabs/revgen/revgen/helpers.go:42.27,43.13 1 0
github.com/inigolabs/revgen/revgen/helpers.go:49.66,50.30 1 0
github.com/inigolabs/revgen/revgen/helpers.go:54.2,55.37 2 0
github.com/inigolabs/revgen/revgen/helpers.go:61.2,61.21 1 0
github.com/inigolabs/revgen/revgen/helpers.go:65.2,66.33 2 0
github.com/inigolabs/revgen/revgen/helpers.go:72.2,72.46 1 0
github.com/inigolabs/revgen/revgen/helpers.go:50.30,52.3 1 0
github.com/inigolabs/revgen/revgen/helpers.go:55.37,59.3 3 0
github.com/inigolabs/revgen/revgen/helpers.go:61.21,63.3 1 0
github.com/inigolabs/revgen/revgen/helpers.go:66.33,71.3 4 0
github.com/inigolabs/revgen/revgen/helpers.go:75.56,85.2 9 3
github.com/inigolabs/revgen/revgen/helpers.go:87.63,89.16 2 0
github.com/inigolabs/revgen/revgen/helpers.go:92.2,94.16 3 0
github.com/inigolabs/revgen/revgen/helpers.go:97.2,97.12 1 0
github.com/inigolabs/revgen/revgen/helpers.go:89.16,91.3 1 0
github.com/inigolabs/revgen/revgen/helpers.go:94.16,96.3 1 0
github.com/inigolabs/revgen/revgen/helpers.go:100.58,106.2 5 1
github.com/inigolabs/revgen/revgen/helpers.go:108.23,109.16 1 9
github.com/inigolabs/revgen/revgen/helpers.go:109.16,110.13 1 0
github.com/inigolabs/revgen/revgen/maps.go:15.50,18.16 3 3
github.com/inigolabs/revgen/revgen/maps.go:21.2,21.32 1 1
github.com/inigolabs/revgen/revgen/maps.go:18.16,20.3 1 2
github.com/inigolabs/revgen/revgen/maps.go:24.67,28.16 4 1
github.com/inigolabs/revgen/revgen/maps.go:31.2,35.35 2 1
github.com/inigolabs/revgen/revgen/maps.go:42.2,42.20 1 1
github.com/inigolabs/revgen/revgen/maps.go:28.16,30.3 1 0
github.com/inigolabs/revgen/revgen/maps.go:35.35,41.3 2 2
github.com/inigolabs/revgen/revgen/maps.go:45.52,51.38 3 1
github.com/inigolabs/revgen/revgen/maps.go:55.2,56.68 2 1
github.com/inigolabs/revgen/revgen/maps.go:51.38,54.3 2 2
github.com/inigolabs/revgen/revgen/maps.go:59.58,63.16 4 0
github.com/inigolabs/revgen/revgen/maps.go:72.2,72.43 1 0
github.com/inigolabs/revgen/revgen/maps.go:85.2,85.15 1 0
github.com/inigolabs/revgen/revgen/maps.go:63.16,64.34 1 0
github.com/inigolabs/revgen/revgen/maps.go:64.34,70.4 2 0
github.com/inigolabs/revgen/revgen/maps.go:72.43,77.38 2 0
github.com/inigolabs/revgen/revgen/maps.go:77.38,83.4 1 0
github.com/inigolabs/revgen/revgen/maps.go:88.45,91.32 3 0
github.com/inigolabs/revgen/revgen/maps.go:95.2,96.66 2 0
github.com/inigolabs/revgen/revgen/maps.go:91.32,94.3 2 0
github.com/inigolabs/revgen/revgen/maps.go:99.41,100.49 1 1
github.com/inigolabs/revgen/revgen/maps.go:122.2,125.91 2 1
github.com/inigolabs/revgen/revgen/maps.go:140.2,142.13 2 1
github.com/inigolabs/revgen/revgen/maps.go:100.49,107.41 6 1
github.com/inigolabs/revgen/revgen/maps.go:119.3,119.14 1 1
github.com/inigolabs/revgen/revgen/maps.go:107.41,108.58 1 5
github.com/inigolabs/revgen/revgen/maps.go:108.58,117.5 4 2
github.com/inigolabs/revgen/revgen/maps.go:125.91,126.17 1 3
github.com/inigolabs/revgen/revgen/maps.go:129.3,129.41 1 3
github.com/inigolabs/revgen/revgen/maps.go:138.3,138.13 1 3
github.com/inigolabs/revgen/revgen/maps.go:126.17,128.4 1 0
github.com/inigolabs/revgen/revgen/maps.go:129.41,131.35 2 1
github.com/inigolabs/revgen/revgen/maps.go:131.35,136.5 1 2
